This is pdfTeX, Version 3.14159265-2.6-1.40.17 (MiKTeX 2.9) (preloaded format=pdflatex 2016.8.24)  18 MAR 2017 14:38
entering extended mode
**./ReadMe_DIRECTFN.tex
(ReadMe_DIRECTFN.tex
LaTeX2e <2016/03/31> patch level 3
Babel <3.9r> and hyphenation patterns for 75 language(s) loaded.
("C:\Program Files (x86)\MiKTeX 2.9\tex\latex\base\article.cls"
Document Class: article 2014/09/29 v1.4h Standard LaTeX document class
("C:\Program Files (x86)\MiKTeX 2.9\tex\latex\base\size11.clo"
File: size11.clo 2014/09/29 v1.4h Standard LaTeX file (size option)
)
\c@part=\count79
\c@section=\count80
\c@subsection=\count81
\c@subsubsection=\count82
\c@paragraph=\count83
\c@subparagraph=\count84
\c@figure=\count85
\c@table=\count86
\abovecaptionskip=\skip41
\belowcaptionskip=\skip42
\bibindent=\dimen102
)
("C:\Program Files (x86)\MiKTeX 2.9\tex\latex\graphics\graphicx.sty"
Package: graphicx 2014/10/28 v1.0g Enhanced LaTeX Graphics (DPC,SPQR)

("C:\Program Files (x86)\MiKTeX 2.9\tex\latex\graphics\keyval.sty"
Package: keyval 2014/10/28 v1.15 key=value parser (DPC)
\KV@toks@=\toks14
)
("C:\Program Files (x86)\MiKTeX 2.9\tex\latex\graphics\graphics.sty"
Package: graphics 2016/07/10 v1.0t Standard LaTeX Graphics (DPC,SPQR)

("C:\Program Files (x86)\MiKTeX 2.9\tex\latex\graphics\trig.sty"
Package: trig 2016/01/03 v1.10 sin cos tan (DPC)
)
("C:\Program Files (x86)\MiKTeX 2.9\tex\latex\00miktex\graphics.cfg"
File: graphics.cfg 2016/06/04 v1.11 sample graphics configuration
)
Package graphics Info: Driver file: pdftex.def on input line 99.

("C:\Program Files (x86)\MiKTeX 2.9\tex\latex\graphics-def\pdftex.def"
File: pdftex.def 2016/07/10 v0.06j Graphics/color for pdfTeX

("C:\Program Files (x86)\MiKTeX 2.9\tex\generic\oberdiek\infwarerr.sty"
Package: infwarerr 2016/05/16 v1.4 Providing info/warning/error messages (HO)
)
("C:\Program Files (x86)\MiKTeX 2.9\tex\generic\oberdiek\ltxcmds.sty"
Package: ltxcmds 2016/05/16 v1.23 LaTeX kernel commands for general use (HO)
)
\Gread@gobject=\count87
))
\Gin@req@height=\dimen103
\Gin@req@width=\dimen104
)
("C:\Program Files (x86)\MiKTeX 2.9\tex\latex\graphics\color.sty"
Package: color 2016/07/10 v1.1e Standard LaTeX Color (DPC)

("C:\Program Files (x86)\MiKTeX 2.9\tex\latex\00miktex\color.cfg"
File: color.cfg 2016/01/02 v1.6 sample color configuration
)
Package color Info: Driver file: pdftex.def on input line 147.
)
("C:\Program Files (x86)\MiKTeX 2.9\tex\latex\hyperref\hyperref.sty"
Package: hyperref 2016/06/24 v6.83q Hypertext links for LaTeX

("C:\Program Files (x86)\MiKTeX 2.9\tex\generic\oberdiek\hobsub-hyperref.sty"
Package: hobsub-hyperref 2016/05/16 v1.14 Bundle oberdiek, subset hyperref (HO)


("C:\Program Files (x86)\MiKTeX 2.9\tex\generic\oberdiek\hobsub-generic.sty"
Package: hobsub-generic 2016/05/16 v1.14 Bundle oberdiek, subset generic (HO)
Package: hobsub 2016/05/16 v1.14 Construct package bundles (HO)
Package hobsub Info: Skipping package `infwarerr' (already loaded).
Package hobsub Info: Skipping package `ltxcmds' (already loaded).
Package: ifluatex 2016/05/16 v1.4 Provides the ifluatex switch (HO)
Package ifluatex Info: LuaTeX not detected.
Package: ifvtex 2016/05/16 v1.6 Detect VTeX and its facilities (HO)
Package ifvtex Info: VTeX not detected.
Package: intcalc 2016/05/16 v1.2 Expandable calculations with integers (HO)
Package: ifpdf 2016/05/14 v3.1 Provides the ifpdf switch
Package: etexcmds 2016/05/16 v1.6 Avoid name clashes with e-TeX commands (HO)
Package etexcmds Info: Could not find \expanded.
(etexcmds)             That can mean that you are not using pdfTeX 1.50 or
(etexcmds)             that some package has redefined \expanded.
(etexcmds)             In the latter case, load this package earlier.
Package: kvsetkeys 2016/05/16 v1.17 Key value parser (HO)
Package: kvdefinekeys 2016/05/16 v1.4 Define keys (HO)
Package: pdftexcmds 2016/05/21 v0.22 Utility functions of pdfTeX for LuaTeX (HO
)
Package pdftexcmds Info: LuaTeX not detected.
Package pdftexcmds Info: \pdf@primitive is available.
Package pdftexcmds Info: \pdf@ifprimitive is available.
Package pdftexcmds Info: \pdfdraftmode found.
Package: pdfescape 2016/05/16 v1.14 Implements pdfTeX's escape features (HO)
Package: bigintcalc 2016/05/16 v1.4 Expandable calculations on big integers (HO
)
Package: bitset 2016/05/16 v1.2 Handle bit-vector datatype (HO)
Package: uniquecounter 2016/05/16 v1.3 Provide unlimited unique counter (HO)
)
Package hobsub Info: Skipping package `hobsub' (already loaded).
Package: letltxmacro 2016/05/16 v1.5 Let assignment for LaTeX macros (HO)
Package: hopatch 2016/05/16 v1.3 Wrapper for package hooks (HO)
Package: xcolor-patch 2016/05/16 xcolor patch
Package: atveryend 2016/05/16 v1.9 Hooks at the very end of document (HO)
Package atveryend Info: \enddocument detected (standard20110627).
Package: atbegshi 2016/06/09 v1.18 At begin shipout hook (HO)
Package: refcount 2016/05/16 v3.5 Data extraction from label references (HO)
Package: hycolor 2016/05/16 v1.8 Color options for hyperref/bookmark (HO)
)
("C:\Program Files (x86)\MiKTeX 2.9\tex\generic\ifxetex\ifxetex.sty"
Package: ifxetex 2010/09/12 v0.6 Provides ifxetex conditional
)
("C:\Program Files (x86)\MiKTeX 2.9\tex\latex\oberdiek\auxhook.sty"
Package: auxhook 2016/05/16 v1.4 Hooks for auxiliary files (HO)
)
("C:\Program Files (x86)\MiKTeX 2.9\tex\latex\oberdiek\kvoptions.sty"
Package: kvoptions 2016/05/16 v3.12 Key value format for package options (HO)
)
\@linkdim=\dimen105
\Hy@linkcounter=\count88
\Hy@pagecounter=\count89

("C:\Program Files (x86)\MiKTeX 2.9\tex\latex\hyperref\pd1enc.def"
File: pd1enc.def 2016/06/24 v6.83q Hyperref: PDFDocEncoding definition (HO)
)
\Hy@SavedSpaceFactor=\count90

("C:\Program Files (x86)\MiKTeX 2.9\tex\latex\00miktex\hyperref.cfg"
File: hyperref.cfg 2002/06/06 v1.2 hyperref configuration of TeXLive
)
Package hyperref Info: Hyper figures OFF on input line 4486.
Package hyperref Info: Link nesting OFF on input line 4491.
Package hyperref Info: Hyper index ON on input line 4494.
Package hyperref Info: Plain pages OFF on input line 4501.
Package hyperref Info: Backreferencing OFF on input line 4506.
Package hyperref Info: Implicit mode ON; LaTeX internals redefined.
Package hyperref Info: Bookmarks ON on input line 4735.
\c@Hy@tempcnt=\count91

("C:\Program Files (x86)\MiKTeX 2.9\tex\latex\url\url.sty"
\Urlmuskip=\muskip10
Package: url 2013/09/16  ver 3.4  Verb mode for urls, etc.
)
LaTeX Info: Redefining \url on input line 5088.
\XeTeXLinkMargin=\dimen106
\Fld@menulength=\count92
\Field@Width=\dimen107
\Fld@charsize=\dimen108
Package hyperref Info: Hyper figures OFF on input line 6342.
Package hyperref Info: Link nesting OFF on input line 6347.
Package hyperref Info: Hyper index ON on input line 6350.
Package hyperref Info: backreferencing OFF on input line 6357.
Package hyperref Info: Link coloring OFF on input line 6362.
Package hyperref Info: Link coloring with OCG OFF on input line 6367.
Package hyperref Info: PDF/A mode OFF on input line 6372.
LaTeX Info: Redefining \ref on input line 6412.
LaTeX Info: Redefining \pageref on input line 6416.
\Hy@abspage=\count93
\c@Item=\count94
\c@Hfootnote=\count95
)

Package hyperref Message: Driver (autodetected): hpdftex.

("C:\Program Files (x86)\MiKTeX 2.9\tex\latex\hyperref\hpdftex.def"
File: hpdftex.def 2016/06/24 v6.83q Hyperref driver for pdfTeX
\Fld@listcount=\count96
\c@bookmark@seq@number=\count97

("C:\Program Files (x86)\MiKTeX 2.9\tex\latex\oberdiek\rerunfilecheck.sty"
Package: rerunfilecheck 2016/05/16 v1.8 Rerun checks for auxiliary files (HO)
Package uniquecounter Info: New unique counter `rerunfilecheck' on input line 2
82.
)
\Hy@SectionHShift=\skip43
)
("C:\Program Files (x86)\MiKTeX 2.9\tex\latex\geometry\geometry.sty"
Package: geometry 2010/09/12 v5.6 Page Geometry
\Gm@cnth=\count98
\Gm@cntv=\count99
\c@Gm@tempcnt=\count100
\Gm@bindingoffset=\dimen109
\Gm@wd@mp=\dimen110
\Gm@odd@mp=\dimen111
\Gm@even@mp=\dimen112
\Gm@layoutwidth=\dimen113
\Gm@layoutheight=\dimen114
\Gm@layouthoffset=\dimen115
\Gm@layoutvoffset=\dimen116
\Gm@dimlist=\toks15

("C:\Program Files (x86)\MiKTeX 2.9\tex\latex\geometry\geometry.cfg"))
("C:\Program Files (x86)\MiKTeX 2.9\tex\latex\amsmath\amsbsy.sty"
Package: amsbsy 1999/11/29 v1.2d Bold Symbols

("C:\Program Files (x86)\MiKTeX 2.9\tex\latex\amsmath\amsgen.sty"
File: amsgen.sty 1999/11/30 v2.0 generic functions
\@emptytoks=\toks16
\ex@=\dimen117
)
\pmbraise@=\dimen118
)
("C:\Program Files (x86)\MiKTeX 2.9\tex\latex\amsmath\amsmath.sty"
Package: amsmath 2016/06/28 v2.15d AMS math features
\@mathmargin=\skip44

For additional information on amsmath, use the `?' option.
("C:\Program Files (x86)\MiKTeX 2.9\tex\latex\amsmath\amstext.sty"
Package: amstext 2000/06/29 v2.01 AMS text
)
("C:\Program Files (x86)\MiKTeX 2.9\tex\latex\amsmath\amsopn.sty"
Package: amsopn 2016/03/08 v2.02 operator names
)
\inf@bad=\count101
LaTeX Info: Redefining \frac on input line 199.
\uproot@=\count102
\leftroot@=\count103
LaTeX Info: Redefining \overline on input line 297.
\classnum@=\count104
\DOTSCASE@=\count105
LaTeX Info: Redefining \ldots on input line 394.
LaTeX Info: Redefining \dots on input line 397.
LaTeX Info: Redefining \cdots on input line 518.
\Mathstrutbox@=\box26
\strutbox@=\box27
\big@size=\dimen119
LaTeX Font Info:    Redeclaring font encoding OML on input line 634.
LaTeX Font Info:    Redeclaring font encoding OMS on input line 635.
\macc@depth=\count106
\c@MaxMatrixCols=\count107
\dotsspace@=\muskip11
\c@parentequation=\count108
\dspbrk@lvl=\count109
\tag@help=\toks17
\row@=\count110
\column@=\count111
\maxfields@=\count112
\andhelp@=\toks18
\eqnshift@=\dimen120
\alignsep@=\dimen121
\tagshift@=\dimen122
\tagwidth@=\dimen123
\totwidth@=\dimen124
\lineht@=\dimen125
\@envbody=\toks19
\multlinegap=\skip45
\multlinetaggap=\skip46
\mathdisplay@stack=\toks20
LaTeX Info: Redefining \[ on input line 2739.
LaTeX Info: Redefining \] on input line 2740.
)
("C:\Program Files (x86)\MiKTeX 2.9\tex\latex\amsfonts\amsfonts.sty"
Package: amsfonts 2013/01/14 v3.01 Basic AMSFonts support
\symAMSa=\mathgroup4
\symAMSb=\mathgroup5
LaTeX Font Info:    Overwriting math alphabet `\mathfrak' in version `bold'
(Font)                  U/euf/m/n --> U/euf/b/n on input line 106.
)
("C:\Program Files (x86)\MiKTeX 2.9\tex\latex\amsfonts\amssymb.sty"
Package: amssymb 2013/01/14 v3.01 AMS font symbols
)
("C:\Program Files (x86)\MiKTeX 2.9\tex\latex\amscls\amsthm.sty"
Package: amsthm 2015/03/04 v2.20.2
\thm@style=\toks21
\thm@bodyfont=\toks22
\thm@headfont=\toks23
\thm@notefont=\toks24
\thm@headpunct=\toks25
\thm@preskip=\skip47
\thm@postskip=\skip48
\thm@headsep=\skip49
\dth@everypar=\toks26
)
("C:\Program Files (x86)\MiKTeX 2.9\tex\latex\amsmath\amscd.sty"
Package: amscd 1999/11/29 v2.0 AMS Commutatitive Diagrams
\athelp@=\toks27
\minaw@=\dimen126
\bigaw@=\dimen127
\minCDarrowwidth=\dimen128
)
("C:\Program Files (x86)\MiKTeX 2.9\tex\latex\amsmath\amsxtra.sty"
Package: amsxtra 1999/11/15 v1.2c AMS extra commands
LaTeX Info: Redefining \nobreakspace on input line 54.
)
("C:\Program Files (x86)\MiKTeX 2.9\tex\latex\subfigure\subfigure.sty"
Package: subfigure 2002/07/30 v2.1.4 subfigure package
\subfigtopskip=\skip50
\subfigcapskip=\skip51
\subfigcaptopadj=\dimen129
\subfigbottomskip=\skip52
\subfigcapmargin=\dimen130
\subfiglabelskip=\skip53
\c@subfigure=\count113
\c@lofdepth=\count114
\c@subtable=\count115
\c@lotdepth=\count116

****************************************
* Local config file subfigure.cfg used *
****************************************
("C:\Program Files (x86)\MiKTeX 2.9\tex\latex\subfigure\subfigure.cfg")
\subfig@top=\skip54
\subfig@bottom=\skip55
)
("C:\Program Files (x86)\MiKTeX 2.9\tex\latex\xcolor\xcolor.sty"
Package: xcolor 2016/05/11 v2.12 LaTeX color extensions (UK)

("C:\Program Files (x86)\MiKTeX 2.9\tex\latex\00miktex\color.cfg"
File: color.cfg 2016/01/02 v1.6 sample color configuration
)
Package xcolor Info: Driver file: pdftex.def on input line 225.
LaTeX Info: Redefining \color on input line 709.
Package xcolor Info: Model `cmy' substituted by `cmy0' on input line 1348.
Package xcolor Info: Model `hsb' substituted by `rgb' on input line 1352.
Package xcolor Info: Model `RGB' extended on input line 1364.
Package xcolor Info: Model `HTML' substituted by `rgb' on input line 1366.
Package xcolor Info: Model `Hsb' substituted by `hsb' on input line 1367.
Package xcolor Info: Model `tHsb' substituted by `hsb' on input line 1368.
Package xcolor Info: Model `HSB' substituted by `hsb' on input line 1369.
Package xcolor Info: Model `Gray' substituted by `gray' on input line 1370.
Package xcolor Info: Model `wave' substituted by `hsb' on input line 1371.

("C:\Program Files (x86)\MiKTeX 2.9\tex\latex\graphics\dvipsnam.def"
File: dvipsnam.def 2016/06/17 v3.0m Driver-dependent file (DPC,SPQR)
))
("C:\Program Files (x86)\MiKTeX 2.9\tex\latex\listings\listings.sty"
\lst@mode=\count117
\lst@gtempboxa=\box28
\lst@token=\toks28
\lst@length=\count118
\lst@currlwidth=\dimen131
\lst@column=\count119
\lst@pos=\count120
\lst@lostspace=\dimen132
\lst@width=\dimen133
\lst@newlines=\count121
\lst@lineno=\count122
\lst@maxwidth=\dimen134

("C:\Program Files (x86)\MiKTeX 2.9\tex\latex\listings\lstmisc.sty"
File: lstmisc.sty 2015/06/04 1.6 (Carsten Heinz)
\c@lstnumber=\count123
\lst@skipnumbers=\count124
\lst@framebox=\box29
)
("C:\Program Files (x86)\MiKTeX 2.9\tex\latex\listings\listings.cfg"
File: listings.cfg 2015/06/04 1.6 listings configuration
))
Package: listings 2015/06/04 1.6 (Carsten Heinz)


LaTeX Warning: Unused global option(s):
    [a4wide].

(ReadMe_DIRECTFN.aux

LaTeX Warning: Label `I_WS' multiply defined.


LaTeX Warning: Label `I_SS' multiply defined.


LaTeX Warning: Label `I_const_tri' multiply defined.

)
\openout1 = `ReadMe_DIRECTFN.aux'.

LaTeX Font Info:    Checking defaults for OML/cmm/m/it on input line 26.
LaTeX Font Info:    ... okay on input line 26.
LaTeX Font Info:    Checking defaults for T1/cmr/m/n on input line 26.
LaTeX Font Info:    ... okay on input line 26.
LaTeX Font Info:    Checking defaults for OT1/cmr/m/n on input line 26.
LaTeX Font Info:    ... okay on input line 26.
LaTeX Font Info:    Checking defaults for OMS/cmsy/m/n on input line 26.
LaTeX Font Info:    ... okay on input line 26.
LaTeX Font Info:    Checking defaults for OMX/cmex/m/n on input line 26.
LaTeX Font Info:    ... okay on input line 26.
LaTeX Font Info:    Checking defaults for U/cmr/m/n on input line 26.
LaTeX Font Info:    ... okay on input line 26.
LaTeX Font Info:    Checking defaults for PD1/pdf/m/n on input line 26.
LaTeX Font Info:    ... okay on input line 26.
 ("C:\Program Files (x86)\MiKTeX 2.9\tex\context\base\supp-pdf.mkii"
[Loading MPS to PDF converter (version 2006.09.02).]
\scratchcounter=\count125
\scratchdimen=\dimen135
\scratchbox=\box30
\nofMPsegments=\count126
\nofMParguments=\count127
\everyMPshowfont=\toks29
\MPscratchCnt=\count128
\MPscratchDim=\dimen136
\MPnumerator=\count129
\makeMPintoPDFobject=\count130
\everyMPtoPDFconversion=\toks30
) ("C:\Program Files (x86)\MiKTeX 2.9\tex\latex\oberdiek\epstopdf-base.sty"
Package: epstopdf-base 2016/05/15 v2.6 Base part for package epstopdf

("C:\Program Files (x86)\MiKTeX 2.9\tex\latex\oberdiek\grfext.sty"
Package: grfext 2016/05/16 v1.2 Manage graphics extensions (HO)
)
Package epstopdf-base Info: Redefining graphics rule for `.eps' on input line 4
38.
Package grfext Info: Graphics extension search list:
(grfext)             [.png,.pdf,.jpg,.mps,.jpeg,.jbig2,.jb2,.PNG,.PDF,.JPG,.JPE
G,.JBIG2,.JB2,.eps]
(grfext)             \AppendGraphicsExtensions on input line 456.
)
\AtBeginShipoutBox=\box31
Package hyperref Info: Link coloring OFF on input line 26.

("C:\Program Files (x86)\MiKTeX 2.9\tex\latex\hyperref\nameref.sty"
Package: nameref 2016/05/21 v2.44 Cross-referencing by name of section

("C:\Program Files (x86)\MiKTeX 2.9\tex\generic\oberdiek\gettitlestring.sty"
Package: gettitlestring 2016/05/16 v1.5 Cleanup title references (HO)
)
\c@section@level=\count131
)
LaTeX Info: Redefining \ref on input line 26.
LaTeX Info: Redefining \pageref on input line 26.
LaTeX Info: Redefining \nameref on input line 26.

(ReadMe_DIRECTFN.out) (ReadMe_DIRECTFN.out)
\@outlinefile=\write3
\openout3 = `ReadMe_DIRECTFN.out'.


*geometry* driver: auto-detecting
*geometry* detected driver: pdftex
*geometry* verbose mode - [ preamble ] result:
* driver: pdftex
* paper: a4paper
* layout: <same size as paper>
* layoutoffset:(h,v)=(0.0pt,0.0pt)
* modes: 
* h-part:(L,W,R)=(56.9055pt, 483.69687pt, 56.9055pt)
* v-part:(T,H,B)=(56.9055pt, 731.23584pt, 56.9055pt)
* \paperwidth=597.50787pt
* \paperheight=845.04684pt
* \textwidth=483.69687pt
* \textheight=731.23584pt
* \oddsidemargin=-15.36449pt
* \evensidemargin=-15.36449pt
* \topmargin=-52.36449pt
* \headheight=12.0pt
* \headsep=25.0pt
* \topskip=11.0pt
* \footskip=30.0pt
* \marginparwidth=59.0pt
* \marginparsep=10.0pt
* \columnsep=10.0pt
* \skip\footins=10.0pt plus 4.0pt minus 2.0pt
* \hoffset=0.0pt
* \voffset=0.0pt
* \mag=1000
* \@twocolumnfalse
* \@twosidefalse
* \@mparswitchfalse
* \@reversemarginfalse
* (1in=72.27pt=25.4mm, 1cm=28.453pt)

\c@lstlisting=\count132
LaTeX Font Info:    Try loading font information for OMS+cmr on input line 36.
("C:\Program Files (x86)\MiKTeX 2.9\tex\latex\base\omscmr.fd"
File: omscmr.fd 2014/09/29 v2.5h Standard LaTeX font definitions
)
LaTeX Font Info:    Font shape `OMS/cmr/m/n' in size <10.95> not available
(Font)              Font shape `OMS/cmsy/m/n' tried instead on input line 36.
LaTeX Font Info:    Try loading font information for U+msa on input line 44.

("C:\Program Files (x86)\MiKTeX 2.9\tex\latex\amsfonts\umsa.fd"
File: umsa.fd 2013/01/14 v3.01 AMS symbols A
)
LaTeX Font Info:    Try loading font information for U+msb on input line 44.

("C:\Program Files (x86)\MiKTeX 2.9\tex\latex\amsfonts\umsb.fd"
File: umsb.fd 2013/01/14 v3.01 AMS symbols B
) [1

{C:/ProgramData/MiKTeX/2.9/pdftex/config/pdftex.map}]
Overfull \hbox (25.77512pt too wide) in paragraph at lines 109--114
\OT1/cmr/m/n/10.95 ter com-pi-la-tion). You can change the name in \OT1/cmtt/m/
n/10.95 settings/Makefile.in \OT1/cmr/m/n/10.95 by defin-ing \OT1/cmtt/m/n/10.9
5 DIRECTFN[]LIB[]NAME
 []


Underfull \hbox (badness 10000) in paragraph at lines 136--137

 []

[2] [3]
Overfull \hbox (1.87408pt too wide) in paragraph at lines 219--220
\OT1/cmr/m/n/10.95 As it were men-tioned in []5.1[], we first need to set the p
oints of a "sin-gu-lar con-tour" \OT1/cmtt/m/n/10.95 SingularContour3xn\OT1/cmr
/m/n/10.95 .
 []

[4] <images/ST_quad_geom.jpg, id=123, 66.0066pt x 49.3845pt>
File: images/ST_quad_geom.jpg Graphic file (type jpg)

<use images/ST_quad_geom.jpg>
Package pdftex.def Info: images/ST_quad_geom.jpg used on input line 260.
(pdftex.def)             Requested size: 106.4139pt x 79.6234pt.

<images/EA_quad_geom.jpg, id=124, 133.6995pt x 61.1886pt>
File: images/EA_quad_geom.jpg Graphic file (type jpg)

<use images/EA_quad_geom.jpg>
Package pdftex.def Info: images/EA_quad_geom.jpg used on input line 263.
(pdftex.def)             Requested size: 217.66211pt x 99.62259pt.

<images/VA_quad_geom.jpg, id=125, 161.6439pt x 114.1866pt>
File: images/VA_quad_geom.jpg Graphic file (type jpg)

<use images/VA_quad_geom.jpg>
Package pdftex.def Info: images/VA_quad_geom.jpg used on input line 266.
(pdftex.def)             Requested size: 217.66211pt x 153.76018pt.
Package epstopdf Info: Source file: <images/ST_curv_geom_quad.eps>
(epstopdf)                    date: 2017-02-20 10:51:31
(epstopdf)                    size: 118462 bytes
(epstopdf)             Output file: <images/ST_curv_geom_quad-eps-converted-to.
pdf>
(epstopdf)                    date: 2017-02-20 10:51:37
(epstopdf)                    size: 5005 bytes
(epstopdf)             Command: <epstopdf --outfile=images/ST_curv_geom_quad-ep
s-converted-to.pdf images/ST_curv_geom_quad.eps>
(epstopdf)             \includegraphics on input line 271.
Package epstopdf Info: Output file is already uptodate.

<images/ST_curv_geom_quad-eps-converted-to.pdf, id=132, 180.675pt x 188.705pt>
File: images/ST_curv_geom_quad-eps-converted-to.pdf Graphic file (type pdf)

<use images/ST_curv_geom_quad-eps-converted-to.pdf>
Package pdftex.def Info: images/ST_curv_geom_quad-eps-converted-to.pdf used on 
input line 271.
(pdftex.def)             Requested size: 96.73788pt x 101.03822pt.
Package epstopdf Info: Source file: <images/EA_curv_geom_quad.eps>
(epstopdf)                    date: 2017-02-20 11:21:08
(epstopdf)                    size: 138026 bytes
(epstopdf)             Output file: <images/EA_curv_geom_quad-eps-converted-to.
pdf>
(epstopdf)                    date: 2017-02-20 11:21:14
(epstopdf)                    size: 6404 bytes
(epstopdf)             Command: <epstopdf --outfile=images/EA_curv_geom_quad-ep
s-converted-to.pdf images/EA_curv_geom_quad.eps>
(epstopdf)             \includegraphics on input line 273.
Package epstopdf Info: Output file is already uptodate.

<images/EA_curv_geom_quad-eps-converted-to.pdf, id=133, 249.93375pt x 159.59625
pt>
File: images/EA_curv_geom_quad-eps-converted-to.pdf Graphic file (type pdf)
 <use images/EA_curv_geom_quad-eps-converted-to.pdf>
Package pdftex.def Info: images/EA_curv_geom_quad-eps-converted-to.pdf used on 
input line 273.
(pdftex.def)             Requested size: 145.11053pt x 92.66328pt.
Package epstopdf Info: Source file: <images/VA_curv_geom_quad.eps>
(epstopdf)                    date: 2017-02-20 11:20:01
(epstopdf)                    size: 135013 bytes
(epstopdf)             Output file: <images/VA_curv_geom_quad-eps-converted-to.
pdf>
(epstopdf)                    date: 2017-02-20 11:21:14
(epstopdf)                    size: 6459 bytes
(epstopdf)             Command: <epstopdf --outfile=images/VA_curv_geom_quad-ep
s-converted-to.pdf images/VA_curv_geom_quad.eps>
(epstopdf)             \includegraphics on input line 274.
Package epstopdf Info: Output file is already uptodate.

<images/VA_curv_geom_quad-eps-converted-to.pdf, id=134, 272.01625pt x 138.5175p
t>
File: images/VA_curv_geom_quad-eps-converted-to.pdf Graphic file (type pdf)
 <use images/VA_curv_geom_quad-eps-converted-to.pdf>
Package pdftex.def Info: images/VA_curv_geom_quad-eps-converted-to.pdf used on 
input line 274.
(pdftex.def)             Requested size: 193.47578pt x 98.52776pt.

Overfull \hbox (11.15227pt too wide) in paragraph at lines 285--287
\OT1/cmr/m/n/10.95 go-rithm \OT1/cmtt/m/n/10.95 Quadrilateral$[]$ST(EA,VA) \OT1
/cmr/m/n/10.95 with the type of the ker-nel \OT1/cmtt/m/n/10.95 <QuadrilateralK
ernel$[]$PlanarScalar>\OT1/cmr/m/n/10.95 ,
 []

[5 <./images/ST_quad_geom.jpg> <./images/EA_quad_geom.jpg> <./images/VA_quad_ge
om.jpg>]
Overfull \hbox (8.65796pt too wide) in paragraph at lines 325--327
\OT1/cmr/m/n/10.95 rithm \OT1/cmtt/m/n/10.95 Quadrilateral$[]$ST(EA,VA) \OT1/cm
r/m/n/10.95 with the type of the ker-nel \OT1/cmtt/m/n/10.95 <QuadrilateralKern
el$[]$PlanarVectorWS>
 []

[6 <./images/ST_curv_geom_quad-eps-converted-to.pdf> <./images/EA_curv_geom_qua
d-eps-converted-to.pdf> <./images/VA_curv_geom_quad-eps-converted-to.pdf>]
Package epstopdf Info: Source file: <images/EA_tri_geom.eps>
(epstopdf)                    date: 2017-02-17 18:01:17
(epstopdf)                    size: 91287 bytes
(epstopdf)             Output file: <images/EA_tri_geom-eps-converted-to.pdf>
(epstopdf)                    date: 2017-02-17 18:01:17
(epstopdf)                    size: 6803 bytes
(epstopdf)             Command: <epstopdf --outfile=images/EA_tri_geom-eps-conv
erted-to.pdf images/EA_tri_geom.eps>
(epstopdf)             \includegraphics on input line 405.
Package epstopdf Info: Output file is already uptodate.

<images/EA_tri_geom-eps-converted-to.pdf, id=197, 159.59625pt x 246.9225pt>
File: images/EA_tri_geom-eps-converted-to.pdf Graphic file (type pdf)

<use images/EA_tri_geom-eps-converted-to.pdf>
Package pdftex.def Info: images/EA_tri_geom-eps-converted-to.pdf used on input 
line 405.
(pdftex.def)             Requested size: 120.92421pt x 187.09033pt.
Package epstopdf Info: Source file: <images/VA_tri_geom.eps>
(epstopdf)                    date: 2017-02-17 18:01:17
(epstopdf)                    size: 111750 bytes
(epstopdf)             Output file: <images/VA_tri_geom-eps-converted-to.pdf>
(epstopdf)                    date: 2017-02-17 18:01:17
(epstopdf)                    size: 7149 bytes
(epstopdf)             Command: <epstopdf --outfile=images/VA_tri_geom-eps-conv
erted-to.pdf images/VA_tri_geom.eps>
(epstopdf)             \includegraphics on input line 408.
Package epstopdf Info: Output file is already uptodate.

<images/VA_tri_geom-eps-converted-to.pdf, id=198, 257.96375pt x 229.85875pt>
File: images/VA_tri_geom-eps-converted-to.pdf Graphic file (type pdf)

<use images/VA_tri_geom-eps-converted-to.pdf>
Package pdftex.def Info: images/VA_tri_geom-eps-converted-to.pdf used on input 
line 408.
(pdftex.def)             Requested size: 193.47578pt x 172.40063pt.
 [7]
Overfull \hbox (6.50096pt too wide) in paragraph at lines 418--420
\OT1/cmr/m/n/10.95 go-rithm \OT1/cmtt/m/n/10.95 Triangular$[]$ST(EA,VA) \OT1/cm
r/m/n/10.95 with the type of the ker-nel \OT1/cmtt/m/n/10.95 <TriangularKernel$
[]$Constant$[]$ST(EA,VA)> 
 []


Underfull \hbox (badness 10000) in paragraph at lines 440--442

 []

[8 <./images/EA_tri_geom-eps-converted-to.pdf> <./images/VA_tri_geom-eps-conver
ted-to.pdf>]
Overfull \hbox (39.43372pt too wide) in paragraph at lines 494--494
[]\OT1/cmtt/m/n/10.95 I = directfn_{quad,tri}_{st,ea,va}_{plan,curv}(r1,r2,...,
N1,N2,N3,N4,ko,'BasisTestingType')[] 
 []


Underfull \hbox (badness 10000) in paragraph at lines 514--516

 []

[9]
Overfull \hbox (5.57683pt too wide) in paragraph at lines 532--534
\OT1/cmr/m/n/10.95 There are some other prop-er-ties of al-go-rithm classes. Fo
r de-tails, please see \OT1/cmtt/m/n/10.95 directfn[]interface.h/cpp
 []


Overfull \hbox (2.10834pt too wide) in paragraph at lines 570--572
\OT1/cmr/m/n/10.95 to com-pute it. The in-put ar-gu-ment \OT1/cmtt/m/n/10.95 in
dex \OT1/cmr/m/n/10.95 here ex-actly cor-re-sponds to the equa-tions [] and [].
 
 []


Overfull \hbox (4.37479pt too wide) in paragraph at lines 578--579
[]\OT1/cmtt/m/n/10.95 directfn[]kernel[]quad[]vect.h/cpp \OT1/cmr/m/n/10.95 de-
fines ker-nels with vec-tor ba-sis/test-ing func-tions for quadri-
 []

[10] (ReadMe_DIRECTFN.bbl
Missing character: There is no â in font cmr10!
Missing character: There is no € in font cmr10!
Missing character: There is no œ in font cmr10!
)
Package atveryend Info: Empty hook `BeforeClearDocument' on input line 590.
 [11]
Package atveryend Info: Empty hook `AfterLastShipout' on input line 590.
 (ReadMe_DIRECTFN.aux)
Package atveryend Info: Executing hook `AtVeryEndDocument' on input line 590.
Package atveryend Info: Executing hook `AtEndAfterFileList' on input line 590.
Package rerunfilecheck Info: File `ReadMe_DIRECTFN.out' has not changed.
(rerunfilecheck)             Checksum: 0FCB73F77D644175F8506ED42D25611A;850.


LaTeX Warning: There were multiply-defined labels.

Package atveryend Info: Empty hook `AtVeryVeryEnd' on input line 590.
 ) 
Here is how much of TeX's memory you used:
 8547 strings out of 493334
 123046 string characters out of 3136672
 228622 words of memory out of 3000000
 11886 multiletter control sequences out of 15000+200000
 11576 words of font info for 44 fonts, out of 3000000 for 9000
 1141 hyphenation exceptions out of 8191
 29i,12n,35p,633b,447s stack positions out of 5000i,500n,10000p,200000b,50000s
<C:/Program Files (x86)/MiKTeX 2.9/fonts/type1/public/amsfonts/cm/cmbx10.pfb>
<C:/Program Files (x86)/MiKTeX 2.9/fonts/type1/public/amsfonts/cm/cmbx12.pfb><C
:/Program Files (x86)/MiKTeX 2.9/fonts/type1/public/amsfonts/cm/cmbx6.pfb><C:/P
rogram Files (x86)/MiKTeX 2.9/fonts/type1/public/amsfonts/cm/cmbx8.pfb><C:/Prog
ram Files (x86)/MiKTeX 2.9/fonts/type1/public/amsfonts/cm/cmex10.pfb><C:/Progra
m Files (x86)/MiKTeX 2.9/fonts/type1/public/amsfonts/cm/cmmi10.pfb><C:/Program 
Files (x86)/MiKTeX 2.9/fonts/type1/public/amsfonts/cm/cmmi6.pfb><C:/Program Fil
es (x86)/MiKTeX 2.9/fonts/type1/public/amsfonts/cm/cmmi8.pfb><C:/Program Files 
(x86)/MiKTeX 2.9/fonts/type1/public/amsfonts/cm/cmr10.pfb><C:/Program Files (x8
6)/MiKTeX 2.9/fonts/type1/public/amsfonts/cm/cmr8.pfb><C:/Program Files (x86)/M
iKTeX 2.9/fonts/type1/public/amsfonts/cm/cmr9.pfb><C:/Program Files (x86)/MiKTe
X 2.9/fonts/type1/public/amsfonts/cm/cmsy10.pfb><C:/Program Files (x86)/MiKTeX 
2.9/fonts/type1/public/amsfonts/cm/cmsy6.pfb><C:/Program Files (x86)/MiKTeX 2.9
/fonts/type1/public/amsfonts/cm/cmsy8.pfb><C:/Program Files (x86)/MiKTeX 2.9/fo
nts/type1/public/amsfonts/cm/cmti10.pfb><C:/Program Files (x86)/MiKTeX 2.9/font
s/type1/public/amsfonts/cm/cmtt10.pfb>
Output written on ReadMe_DIRECTFN.pdf (11 pages, 3345306 bytes).
PDF statistics:
 341 PDF objects out of 1000 (max. 8388607)
 65 named destinations out of 1000 (max. 500000)
 153 words of extra memory for PDF output out of 10000 (max. 10000000)

